<?xml version="1.0" encoding="UTF-8"?>
<!-- Generated by org.testng.reporters.JUnitXMLReporter -->
<testsuite ignored="0" hostname="LAPTOP-P05SA00D" failures="0" tests="23" name="TutorialsNinja Automation TestCases" time="188.879" errors="0" timestamp="2023-07-27T19:55:53 PDT">
  <testcase classname="com.tutorialsninjaa.qa.testcases.LoginTestt" name="verifyTutorialsLoginWithValidCredentials" time="4.407"/>
  <testcase classname="com.tutorialsninjaa.qa.testcases.LoginTestt" name="verifyTutorialsLoginWithValidCredentials" time="4.546"/>
  <testcase classname="com.tutorialsninjaa.qa.testcases.LoginTestt" name="verifyTutorialsLoginWithValidCredentials" time="3.854"/>
  <testcase classname="com.tutorialsninjaa.qa.testcases.LoginTestt" name="verifyTutorialsLoginWithValidCredentials" time="4.168"/>
  <testcase classname="com.tutorialsninjaa.qa.testcases.LoginTestt" name="verifyTutorialsLoginWithValidCredentials" time="4.167"/>
  <testcase classname="com.tutorialsninjaa.qa.testcases.LoginTestt" name="verifyTutorialsLoginWithValidCredentials" time="4.191"/>
  <testcase classname="com.tutorialsninjaa.qa.testcases.LoginTestt" name="verifyTutorialsLoginWithValidCredentials" time="4.187"/>
  <testcase classname="com.tutorialsninjaa.qa.testcases.LoginTestt" name="verifyTutorialsLoginWithValidCredentials" time="4.209"/>
  <testcase classname="com.tutorialsninjaa.qa.testcases.LoginTestt" name="verifyTutorialsLoginWithValidCredentials" time="4.191"/>
  <testcase classname="com.tutorialsninjaa.qa.testcases.LoginTestt" name="verifyTutorialsLoginWithValidCredentials" time="3.767"/>
  <testcase classname="com.tutorialsninjaa.qa.testcases.LoginTestt" name="verifyTutorialsLoginWithValidCredentials" time="3.795"/>
  <testcase classname="com.tutorialsninjaa.qa.testcases.LoginTestt" name="verifyTutorialsLoginWithValidCredentials" time="3.949"/>
  <testcase classname="com.tutorialsninjaa.qa.testcases.LoginTestt" name="verifyLoginTNWithInvalidCredentials" time="0.534"/>
  <testcase classname="com.tutorialsninjaa.qa.testcases.LoginTestt" name="verifyLoginTNWithValidEmailInvalidPassword" time="0.495"/>
  <testcase classname="com.tutorialsninjaa.qa.testcases.LoginTestt" name="verifyLoginTNInvalidEmailvalidpassword" time="6.58"/>
  <testcase classname="com.tutorialsninjaa.qa.testcases.LoginTestt" name="verifyLoginWithNoCredentials" time="0.378"/>
  <testcase classname="com.tutorialsninjaa.qa.testcases.RegisterTestt" name="registerAccountWithMandatoryFields" time="1.071"/>
  <testcase classname="com.tutorialsninjaa.qa.testcases.RegisterTestt" name="registerAccountWithExistingEmail" time="0.779"/>
  <testcase classname="com.tutorialsninjaa.qa.testcases.RegisterTestt" name="registerAccountWithallFields" time="1.057"/>
  <testcase classname="com.tutorialsninjaa.qa.testcases.RegisterTestt" name="registerAccountWithNoFields" time="0.471"/>
  <testcase classname="com.tutorialsninjaa.qa.testcases.SearchProductTestt" name="searchawithValidProduct" time="15.894"/>
  <testcase classname="com.tutorialsninjaa.qa.testcases.SearchProductTestt" name="searchWithInvalidProduct" time="0.414"/>
  <testcase classname="com.tutorialsninjaa.qa.testcases.SearchProductTestt" name="searchWithNoProduct" time="0.361"/>
</testsuite> <!-- TutorialsNinja Automation TestCases -->
