<?xml version="1.0" encoding="UTF-8"?>
<!-- Generated by org.testng.reporters.JUnitXMLReporter -->
<testsuite ignored="0" hostname="LAPTOP-P05SA00D" failures="0" tests="3" name="Default test" time="30.663" errors="0" timestamp="2023-07-27T19:14:30 PDT">
  <testcase classname="com.tutorialsninjaa.qa.testcases.SearchProductTestt" name="searchawithValidProduct" time="15.945"/>
  <testcase classname="com.tutorialsninjaa.qa.testcases.SearchProductTestt" name="searchWithInvalidProduct" time="0.412"/>
  <testcase classname="com.tutorialsninjaa.qa.testcases.SearchProductTestt" name="searchWithNoProduct" time="0.374"/>
</testsuite> <!-- Default test -->
