<?xml version="1.0" encoding="UTF-8"?>
<!-- Generated by org.testng.reporters.JUnitXMLReporter -->
<testsuite ignored="0" hostname="LAPTOP-P05SA00D" failures="0" tests="23" name="TutorialsNinja Automation TestCases" time="277.573" errors="0" timestamp="2023-07-27T20:27:38 PDT">
  <testcase classname="com.tutorialsninjaa.qa.testcases.LoginTestt" name="verifyTutorialsLoginWithValidCredentials" time="4.652"/>
  <testcase classname="com.tutorialsninjaa.qa.testcases.LoginTestt" name="verifyTutorialsLoginWithValidCredentials" time="4.635"/>
  <testcase classname="com.tutorialsninjaa.qa.testcases.LoginTestt" name="verifyTutorialsLoginWithValidCredentials" time="4.441"/>
  <testcase classname="com.tutorialsninjaa.qa.testcases.LoginTestt" name="verifyTutorialsLoginWithValidCredentials" time="4.389"/>
  <testcase classname="com.tutorialsninjaa.qa.testcases.LoginTestt" name="verifyTutorialsLoginWithValidCredentials" time="4.477"/>
  <testcase classname="com.tutorialsninjaa.qa.testcases.LoginTestt" name="verifyTutorialsLoginWithValidCredentials" time="4.402"/>
  <testcase classname="com.tutorialsninjaa.qa.testcases.LoginTestt" name="verifyTutorialsLoginWithValidCredentials" time="4.445"/>
  <testcase classname="com.tutorialsninjaa.qa.testcases.LoginTestt" name="verifyTutorialsLoginWithValidCredentials" time="4.372"/>
  <testcase classname="com.tutorialsninjaa.qa.testcases.LoginTestt" name="verifyTutorialsLoginWithValidCredentials" time="3.907"/>
  <testcase classname="com.tutorialsninjaa.qa.testcases.LoginTestt" name="verifyTutorialsLoginWithValidCredentials" time="4.003"/>
  <testcase classname="com.tutorialsninjaa.qa.testcases.LoginTestt" name="verifyTutorialsLoginWithValidCredentials" time="4.378"/>
  <testcase classname="com.tutorialsninjaa.qa.testcases.LoginTestt" name="verifyTutorialsLoginWithValidCredentials" time="4.567"/>
  <testcase classname="com.tutorialsninjaa.qa.testcases.LoginTestt" name="verifyLoginTNWithInvalidCredentials" time="0.753"/>
  <testcase classname="com.tutorialsninjaa.qa.testcases.LoginTestt" name="verifyLoginTNWithValidEmailInvalidPassword" time="0.699"/>
  <testcase classname="com.tutorialsninjaa.qa.testcases.LoginTestt" name="verifyLoginTNInvalidEmailvalidpassword" time="7.422"/>
  <testcase classname="com.tutorialsninjaa.qa.testcases.LoginTestt" name="verifyLoginWithNoCredentials" time="0.506"/>
  <testcase classname="com.tutorialsninjaa.qa.testcases.RegisterTestt" name="registerAccountWithMandatoryFields" time="1.877"/>
  <testcase classname="com.tutorialsninjaa.qa.testcases.RegisterTestt" name="registerAccountWithExistingEmail" time="1.49"/>
  <testcase classname="com.tutorialsninjaa.qa.testcases.RegisterTestt" name="registerAccountWithallFields" time="1.841"/>
  <testcase classname="com.tutorialsninjaa.qa.testcases.RegisterTestt" name="registerAccountWithNoFields" time="0.661"/>
  <testcase classname="com.tutorialsninjaa.qa.testcases.SearchProductTestt" name="searchawithValidProduct" time="16.848"/>
  <testcase classname="com.tutorialsninjaa.qa.testcases.SearchProductTestt" name="searchWithInvalidProduct" time="0.565"/>
  <testcase classname="com.tutorialsninjaa.qa.testcases.SearchProductTestt" name="searchWithNoProduct" time="0.464"/>
</testsuite> <!-- TutorialsNinja Automation TestCases -->
